<?xml version="1.0" encoding="UTF-8"?>
<testsuite xmlns:xsi="http://www.w3.org/2001/XMLSchema-instance" xsi:schemaLocation="https://maven.apache.org/surefire/maven-surefire-plugin/xsd/surefire-test-report.xsd" name="TestSuite" time="15.351" tests="3" errors="0" skipped="0" failures="2">
  <properties>
[...]
</properties>
  <testcase name="loginTest" classname="tests.LoginLogoutTest" time="7.221">
    <failure message="Error communicating with the remote browser. It may have died.&#10;Build info: version: &apos;2.42.0&apos;, revision: &apos;5e824302019c86eae9c8c3ca9155e7307b410cf8&apos;, time: &apos;2014-05-24 09:48:41&apos;&#10;System info: host: &apos;Pradip-PC&apos;, ip: &apos;14.96.41.32&apos;, os.name: &apos;Windows 7&apos;, os.arch: &apos;x86&apos;, os.version: &apos;6.1&apos;, java.version: &apos;1.7.0_67&apos;&#10;Driver info: driver.version: RemoteWebDriver" type="org.openqa.selenium.remote.UnreachableBrowserException">org.openqa.selenium.remote.UnreachableBrowserException: 
Error communicating with the remote browser. It may have died.
Build info: version: '2.42.0', revision: '5e824302019c86eae9c8c3ca9155e7307b410cf8', time: '2014-05-24 09:48:41'
System info: host: 'Pradip-PC', ip: '14.96.41.32', os.name: 'Windows 7', os.arch: 'x86', os.version: '6.1', java.version: '1.7.0_67'
Driver info: driver.version: RemoteWebDriver
	at tests.LoginLogoutTest.loginTest(LoginLogoutTest.java:23)
Caused by: org.apache.http.conn.HttpHostConnectException: Connect to 127.0.0.1:7055 [/127.0.0.1] failed: Connection refused: connect
	at tests.LoginLogoutTest.loginTest(LoginLogoutTest.java:23)
Caused by: java.net.ConnectException: Connection refused: connect
	at tests.LoginLogoutTest.loginTest(LoginLogoutTest.java:23)
</failure>
  </testcase>
  <testcase name="logoutTest" classname="tests.LoginLogoutTest" time="0"/>
  <testcase name="afterTest" classname="tests.LoginLogoutTest" time="1.126">
    <failure message="Error communicating with the remote browser. It may have died.&#10;Build info: version: &apos;2.42.0&apos;, revision: &apos;5e824302019c86eae9c8c3ca9155e7307b410cf8&apos;, time: &apos;2014-05-24 09:48:41&apos;&#10;System info: host: &apos;Pradip-PC&apos;, ip: &apos;14.96.41.32&apos;, os.name: &apos;Windows 7&apos;, os.arch: &apos;x86&apos;, os.version: &apos;6.1&apos;, java.version: &apos;1.7.0_67&apos;&#10;Driver info: driver.version: EventFiringWebDriver" type="org.openqa.selenium.remote.UnreachableBrowserException">org.openqa.selenium.remote.UnreachableBrowserException: 
Error communicating with the remote browser. It may have died.
Build info: version: '2.42.0', revision: '5e824302019c86eae9c8c3ca9155e7307b410cf8', time: '2014-05-24 09:48:41'
System info: host: 'Pradip-PC', ip: '14.96.41.32', os.name: 'Windows 7', os.arch: 'x86', os.version: '6.1', java.version: '1.7.0_67'
Driver info: driver.version: EventFiringWebDriver
	at tests.LoginLogoutTest.afterTest(LoginLogoutTest.java:40)
Caused by: org.apache.http.conn.HttpHostConnectException: Connect to 127.0.0.1:7055 [/127.0.0.1] failed: Connection refused: connect
	at tests.LoginLogoutTest.afterTest(LoginLogoutTest.java:40)
Caused by: java.net.ConnectException: Connection refused: connect
	at tests.LoginLogoutTest.afterTest(LoginLogoutTest.java:40)
</failure>
  </testcase>
</testsuite>